android/build/app/intermediates/manifest_merge_blame_file/debug/manifest-merger-blame-debug-report.txt
1<?xml version="1.0" encoding="utf-8"?>
2<manifest xmlns:android="http://schemas.android.com/apk/res/android"
3    package="com.example.moneyapp"
4    android:versionCode="1"
5    android:versionName="1.0.0" >
6
7    <uses-sdk
8        android:minSdkVersion="16"
9        android:targetSdkVersion="33" />
10    <!--
11         The INTERNET permission is required for development. Specifically,
12         the Flutter tool needs it to communicate with the running application
13         to allow setting breakpoints, to provide hot reload, etc.
14    -->
15    <uses-permission android:name="android.permission.INTERNET" />
15-->src\debug\AndroidManifest.xml:7:5-66
15-->src\debug\AndroidManifest.xml:7:22-64
16
17    <application
17-->src\main\AndroidManifest.xml:4:4-35:19
18        android:name="com.example.moneyapp.moneyapp"
18-->src\main\AndroidManifest.xml:6:9-32
19        android:appComponentFactory="androidx.core.app.CoreComponentFactory"
19-->[androidx.core:core:1.6.0] AndroidManifest.xml:24:18-86
20        android:debuggable="true"
21        android:icon="@mipmap/ic_launcher"
21-->src\main\AndroidManifest.xml:7:9-43
22        android:label="moneyapp" >
22-->src\main\AndroidManifest.xml:5:9-33
23        <activity
23-->src\main\AndroidManifest.xml:9:9-29:20
24            android:name="com.example.moneyapp.MainActivity"
24-->src\main\AndroidManifest.xml:10:13-41
25            android:configChanges="orientation|keyboardHidden|keyboard|screenSize|smallestScreenSize|locale|layoutDirection|fontScale|screenLayout|density|uiMode"
25-->src\main\AndroidManifest.xml:14:13-163
26            android:exported="true"
26-->src\main\AndroidManifest.xml:11:13-36
27            android:hardwareAccelerated="true"
27-->src\main\AndroidManifest.xml:15:13-47
28            android:launchMode="singleTop"
28-->src\main\AndroidManifest.xml:12:13-43
29            android:theme="@style/LaunchTheme"
29-->src\main\AndroidManifest.xml:13:13-47
30            android:windowSoftInputMode="adjustResize" >
30-->src\main\AndroidManifest.xml:16:13-55
31
32            <!--
33                 Specifies an Android theme to apply to this Activity as soon as
34                 the Android process has started. This theme is visible to the user
35                 while the Flutter UI initializes. After that, this theme continues
36                 to determine the Window background behind the Flutter UI.
37            -->
38            <meta-data
38-->src\main\AndroidManifest.xml:21:13-24:17
39                android:name="io.flutter.embedding.android.NormalTheme"
39-->src\main\AndroidManifest.xml:22:15-70
40                android:resource="@style/NormalTheme" />
40-->src\main\AndroidManifest.xml:23:15-52
41
42            <intent-filter>
42-->src\main\AndroidManifest.xml:25:13-28:29
43                <action android:name="android.intent.action.MAIN" />
43-->src\main\AndroidManifest.xml:26:17-68
43-->src\main\AndroidManifest.xml:26:25-66
44
45                <category android:name="android.intent.category.LAUNCHER" />
45-->src\main\AndroidManifest.xml:27:17-76
45-->src\main\AndroidManifest.xml:27:27-74
46            </intent-filter>
47        </activity>
48        <!--
49             Don't delete the meta-data below.
50             This is used by the Flutter tool to generate GeneratedPluginRegistrant.java
51        -->
52        <meta-data
52-->src\main\AndroidManifest.xml:32:9-34:33
53            android:name="flutterEmbedding"
53-->src\main\AndroidManifest.xml:33:13-44
54            android:value="2" />
54-->src\main\AndroidManifest.xml:34:13-30
55
56        <uses-library
56-->[androidx.window:window:1.0.0-beta04] AndroidManifest.xml:25:9-27:40
57            android:name="androidx.window.extensions"
57-->[androidx.window:window:1.0.0-beta04] AndroidManifest.xml:26:13-54
58            android:required="false" />
58-->[androidx.window:window:1.0.0-beta04] AndroidManifest.xml:27:13-37
59        <uses-library
59-->[androidx.window:window:1.0.0-beta04] AndroidManifest.xml:28:9-30:40
60            android:name="androidx.window.sidecar"
60-->[androidx.window:window:1.0.0-beta04] AndroidManifest.xml:29:13-51
61            android:required="false" />
61-->[androidx.window:window:1.0.0-beta04] AndroidManifest.xml:30:13-37
62    </application>
63
64</manifest>